[2025-06-22 01:15:12] INFO: GET /administrators called
[2025-06-22 18:13:20] INFO: GET /administrators/faris.gigic@symphony.is called
[2025-06-22 18:13:20] INFO: GET /administrators/ifAdministrator/faris.gigic@symphony.is called
[2025-06-22 18:13:20] INFO: GET /administrators/ifAdministrator/faris.gigic@symphony.is called
[2025-06-22 19:12:55] INFO: GET /administrators/ifAdministrator/faris.gigic@symphony.is called
[2025-06-22 19:12:55] INFO: GET /administrators/ifAdministrator/faris.gigic@symphony.is called
[2025-06-22 19:13:38] INFO: GET /administrators/faris.gigic@stu.ibu.edu.ba called
[2025-06-22 19:13:38] INFO: GET /administrators/ifAdministrator/faris.gigic@stu.ibu.edu.ba called
[2025-06-22 19:13:38] INFO: GET /administrators/ifAdministrator/faris.gigic@stu.ibu.edu.ba called
[2025-06-22 19:13:54] INFO: GET /administrators/ifAdministrator/faris.gigic@stu.ibu.edu.ba called
[2025-06-22 19:13:54] INFO: GET /administrators/ifAdministrator/faris.gigic@stu.ibu.edu.ba called
[2025-06-22 19:14:29] INFO: GET /administrators/ifAdministrator/faris.gigic@stu.ibu.edu.ba called
[2025-06-22 19:14:29] INFO: GET /administrators/ifAdministrator/faris.gigic@stu.ibu.edu.ba called
[2025-06-22 19:48:58] INFO: GET /administrators/ifAdministrator/faris.gigic@stu.ibu.edu.ba called
[2025-06-22 19:48:58] INFO: GET /administrators/ifAdministrator/faris.gigic@stu.ibu.edu.ba called
[2025-06-22 19:59:01] INFO: GET /administrators/ifAdministrator/faris.gigic@stu.ibu.edu.ba called
[2025-06-22 19:59:01] INFO: GET /administrators/ifAdministrator/faris.gigic@stu.ibu.edu.ba called
[2025-06-22 20:13:48] INFO: GET /administrators/faris.gigic@symphony.is called
[2025-06-22 20:13:48] INFO: GET /administrators/ifAdministrator/faris.gigic@symphony.is called
[2025-06-22 20:13:48] INFO: GET /administrators/ifAdministrator/faris.gigic@symphony.is called
[2025-06-22 21:20:39] INFO: GET /administrators/faris.gigic@stu.ibu.edu.ba called
[2025-06-22 21:20:39] INFO: GET /administrators/ifAdministrator/faris.gigic@stu.ibu.edu.ba called
[2025-06-22 21:20:39] INFO: GET /administrators/ifAdministrator/faris.gigic@stu.ibu.edu.ba called
[2025-06-22 21:22:23] INFO: GET /administrators/faris.gigic@symphony.is called
[2025-06-22 21:22:23] INFO: GET /administrators/ifAdministrator/faris.gigic@symphony.is called
[2025-06-22 21:22:23] INFO: GET /administrators/ifAdministrator/faris.gigic@symphony.is called
