[2025-06-22 01:15:12] INFO: GET /administrators called
[2025-06-22 18:13:20] INFO: GET /administrators/faris.gigic@symphony.is called
[2025-06-22 18:13:20] INFO: GET /administrators/ifAdministrator/faris.gigic@symphony.is called
[2025-06-22 18:13:20] INFO: GET /administrators/ifAdministrator/faris.gigic@symphony.is called
[2025-06-22 19:12:55] INFO: GET /administrators/ifAdministrator/faris.gigic@symphony.is called
[2025-06-22 19:12:55] INFO: GET /administrators/ifAdministrator/faris.gigic@symphony.is called
[2025-06-22 19:13:38] INFO: GET /administrators/faris.gigic@stu.ibu.edu.ba called
[2025-06-22 19:13:38] INFO: GET /administrators/ifAdministrator/faris.gigic@stu.ibu.edu.ba called
[2025-06-22 19:13:38] INFO: GET /administrators/ifAdministrator/faris.gigic@stu.ibu.edu.ba called
[2025-06-22 19:13:54] INFO: GET /administrators/ifAdministrator/faris.gigic@stu.ibu.edu.ba called
[2025-06-22 19:13:54] INFO: GET /administrators/ifAdministrator/faris.gigic@stu.ibu.edu.ba called
[2025-06-22 19:14:29] INFO: GET /administrators/ifAdministrator/faris.gigic@stu.ibu.edu.ba called
[2025-06-22 19:14:29] INFO: GET /administrators/ifAdministrator/faris.gigic@stu.ibu.edu.ba called
[2025-06-22 19:48:58] INFO: GET /administrators/ifAdministrator/faris.gigic@stu.ibu.edu.ba called
[2025-06-22 19:48:58] INFO: GET /administrators/ifAdministrator/faris.gigic@stu.ibu.edu.ba called
[2025-06-22 19:59:01] INFO: GET /administrators/ifAdministrator/faris.gigic@stu.ibu.edu.ba called
[2025-06-22 19:59:01] INFO: GET /administrators/ifAdministrator/faris.gigic@stu.ibu.edu.ba called
[2025-06-22 20:13:48] INFO: GET /administrators/faris.gigic@symphony.is called
[2025-06-22 20:13:48] INFO: GET /administrators/ifAdministrator/faris.gigic@symphony.is called
[2025-06-22 20:13:48] INFO: GET /administrators/ifAdministrator/faris.gigic@symphony.is called
[2025-06-22 21:20:39] INFO: GET /administrators/faris.gigic@stu.ibu.edu.ba called
[2025-06-22 21:20:39] INFO: GET /administrators/ifAdministrator/faris.gigic@stu.ibu.edu.ba called
[2025-06-22 21:20:39] INFO: GET /administrators/ifAdministrator/faris.gigic@stu.ibu.edu.ba called
[2025-06-22 21:22:23] INFO: GET /administrators/faris.gigic@symphony.is called
[2025-06-22 21:22:23] INFO: GET /administrators/ifAdministrator/faris.gigic@symphony.is called
[2025-06-22 21:22:23] INFO: GET /administrators/ifAdministrator/faris.gigic@symphony.is called
[2025-06-22 21:43:57] INFO: GET /administrators/faris.gigic@stu.ibu.edu.ba called
[2025-06-22 21:43:57] INFO: GET /administrators/ifAdministrator/faris.gigic@stu.ibu.edu.ba called
[2025-06-22 21:43:57] INFO: GET /administrators/ifAdministrator/faris.gigic@stu.ibu.edu.ba called
[2025-06-22 21:44:15] INFO: GET /administrators/faris.gigic@symphony.is called
[2025-06-22 21:44:15] INFO: GET /administrators/ifAdministrator/faris.gigic@symphony.is called
[2025-06-22 21:44:15] INFO: GET /administrators/ifAdministrator/faris.gigic@symphony.is called
[2025-06-22 21:47:54] ERROR: Error sending email to faris.gigic@stu.ibu.edu.ba: Invalid login: 535-5.7.8 Username and Password not accepted. For more information, go to
535 5.7.8  https://support.google.com/mail/?p=BadCredentials ffacd0b85a97d-3a6d0f18377sm7745141f8f.32 - gsmtp
[2025-06-22 21:47:54] INFO: SMTP credentials: faris.gigic@symphony.is, btva dkpi pnyv aawi
[2025-06-22 21:50:21] ERROR: Error sending email to faris.gigic@stu.ibu.edu.ba: Invalid login: 535-5.7.8 Username and Password not accepted. For more information, go to
535 5.7.8  https://support.google.com/mail/?p=BadCredentials 5b1f17b1804b1-4535eac8edbsm122134025e9.24 - gsmtp
[2025-06-22 21:50:21] INFO: SMTP credentials: faris.gigic@symphony.is, btva dkpi pnyv aawi
